2025-08-05 20:33:38,385 - app - ERROR - Failed to initialize SymptomChecker: Failed to initialize SymptomChecker resources. Please check logs.
2025-08-05 20:51:10,137 - app - ERROR - Failed to initialize SymptomChecker: Failed to initialize SymptomChecker resources. Please check logs.
2025-08-05 20:54:41,453 - app - ERROR - Failed to initialize SymptomChecker: Failed to initialize SymptomChecker resources. Please check logs.
2025-08-05 20:54:54,429 - app - ERROR - Failed to initialize SymptomChecker: Failed to initialize SymptomChecker resources. Please check logs.
2025-08-05 20:55:55,596 - app - WARNING - 404 Error: Requested path '/favicon.ico' not found.
2025-08-05 20:56:08,698 - app - ERROR - Failed to initialize SymptomChecker: Failed to initialize SymptomChecker resources. Please check logs.
2025-08-05 20:56:30,431 - app - WARNING - 404 Error: Requested path '/.well-known/appspecific/com.chrome.devtools.json' not found.
2025-08-05 20:59:45,328 - app - WARNING - 404 Error: Requested path '/.well-known/appspecific/com.chrome.devtools.json' not found.
2025-08-05 21:01:37,177 - app - WARNING - 404 Error: Requested path '/.well-known/appspecific/com.chrome.devtools.json' not found.
2025-08-05 21:01:38,109 - app - WARNING - 404 Error: Requested path '/.well-known/appspecific/com.chrome.devtools.json' not found.
2025-08-05 21:01:40,238 - app - WARNING - 404 Error: Requested path '/.well-known/appspecific/com.chrome.devtools.json' not found.
2025-08-05 21:02:21,266 - app - INFO - SymptomChecker initialized successfully.
2025-08-05 21:02:37,985 - app - ERROR - Exception in POST handler for '/': Boolean value of Tensor with more than one value is ambiguous
Traceback (most recent call last):
  File "C:\Users\Admin\Documents\GitHub\idk-wut\app.py", line 106, in index
    disease, treatment, confidence = checker.diagnose(user_symptoms_input_raw)
                                     ^^^^^^^^^^^^^^^^^^^^^^^^^^^^^^^^^^^^^^^^^
  File "C:\Users\Admin\Documents\GitHub\idk-wut\logic.py", line 205, in diagnose
    top_n_matches = self._get_top_matches(user_input, top_n=5) # Fetch a few initial candidates
                    ^^^^^^^^^^^^^^^^^^^^^^^^^^^^^^^^^^^^^^^^^^
  File "C:\Users\Admin\Documents\GitHub\idk-wut\logic.py", line 112, in _get_top_matches
    if not _model or not _embeddings or _df is None:
RuntimeError: Boolean value of Tensor with more than one value is ambiguous
2025-08-05 21:02:40,101 - app - ERROR - Exception in POST handler for '/': Boolean value of Tensor with more than one value is ambiguous
Traceback (most recent call last):
  File "C:\Users\Admin\Documents\GitHub\idk-wut\app.py", line 106, in index
    disease, treatment, confidence = checker.diagnose(user_symptoms_input_raw)
                                     ^^^^^^^^^^^^^^^^^^^^^^^^^^^^^^^^^^^^^^^^^
  File "C:\Users\Admin\Documents\GitHub\idk-wut\logic.py", line 205, in diagnose
    top_n_matches = self._get_top_matches(user_input, top_n=5) # Fetch a few initial candidates
                    ^^^^^^^^^^^^^^^^^^^^^^^^^^^^^^^^^^^^^^^^^^
  File "C:\Users\Admin\Documents\GitHub\idk-wut\logic.py", line 112, in _get_top_matches
    if not _model or not _embeddings or _df is None:
RuntimeError: Boolean value of Tensor with more than one value is ambiguous
2025-08-05 21:04:27,284 - app - INFO - SymptomChecker initialized successfully.
2025-08-05 21:06:49,206 - app - WARNING - 404 Error: Requested path '/favicon.ico' not found.
2025-08-05 21:06:54,206 - app - ERROR - Exception in POST handler for '/': The truth value of a DataFrame is ambiguous. Use a.empty, a.bool(), a.item(), a.any() or a.all().
Traceback (most recent call last):
  File "C:\Users\Admin\Documents\GitHub\idk-wut\app.py", line 106, in index
    disease, treatment, confidence = checker.diagnose(user_symptoms_input_raw)
                                     ^^^^^^^^^^^^^^^^^^^^^^^^^^^^^^^^^^^^^^^^^
  File "C:\Users\Admin\Documents\GitHub\idk-wut\logic.py", line 212, in diagnose
    keyword_scores = self._calculate_keyword_overlap(user_input)
                     ^^^^^^^^^^^^^^^^^^^^^^^^^^^^^^^^^^^^^^^^^^^
  File "C:\Users\Admin\Documents\GitHub\idk-wut\logic.py", line 158, in _calculate_keyword_overlap
    if not _df or 'normalized_symptoms_list' not in _df.columns:
  File "C:\Users\Admin\AppData\Local\Packages\PythonSoftwareFoundation.Python.3.11_qbz5n2kfra8p0\LocalCache\local-packages\Python311\site-packages\pandas\core\generic.py", line 1577, in __nonzero__
    raise ValueError(
ValueError: The truth value of a DataFrame is ambiguous. Use a.empty, a.bool(), a.item(), a.any() or a.all().
2025-08-05 21:15:09,091 - app - INFO - SymptomChecker initialized successfully.
2025-08-05 21:15:29,468 - app - INFO - SymptomChecker initialized successfully.
2025-08-05 21:17:29,943 - app - ERROR - Exception in POST handler for '/': The truth value of a DataFrame is ambiguous. Use a.empty, a.bool(), a.item(), a.any() or a.all().
Traceback (most recent call last):
  File "C:\Users\Admin\Documents\GitHub\idk-wut\app.py", line 106, in index
    disease, treatment, confidence = checker.diagnose(user_symptoms_input_raw)
                                     ^^^^^^^^^^^^^^^^^^^^^^^^^^^^^^^^^^^^^^^^^
  File "C:\Users\Admin\Documents\GitHub\idk-wut\logic.py", line 220, in diagnose
    keyword_scores = self._calculate_keyword_overlap(user_input)
                     ^^^^^^^^^^^^^^^^^^^^^^^^^^^^^^^^^^^^^^^^^^^
  File "C:\Users\Admin\Documents\GitHub\idk-wut\logic.py", line 166, in _calculate_keyword_overlap
    if not _df or 'normalized_symptoms_list' not in _df.columns:
  File "C:\Users\Admin\AppData\Local\Packages\PythonSoftwareFoundation.Python.3.11_qbz5n2kfra8p0\LocalCache\local-packages\Python311\site-packages\pandas\core\generic.py", line 1577, in __nonzero__
    raise ValueError(
ValueError: The truth value of a DataFrame is ambiguous. Use a.empty, a.bool(), a.item(), a.any() or a.all().
2025-08-05 21:17:32,324 - app - ERROR - Exception in POST handler for '/': The truth value of a DataFrame is ambiguous. Use a.empty, a.bool(), a.item(), a.any() or a.all().
Traceback (most recent call last):
  File "C:\Users\Admin\Documents\GitHub\idk-wut\app.py", line 106, in index
    disease, treatment, confidence = checker.diagnose(user_symptoms_input_raw)
                                     ^^^^^^^^^^^^^^^^^^^^^^^^^^^^^^^^^^^^^^^^^
  File "C:\Users\Admin\Documents\GitHub\idk-wut\logic.py", line 220, in diagnose
    keyword_scores = self._calculate_keyword_overlap(user_input)
                     ^^^^^^^^^^^^^^^^^^^^^^^^^^^^^^^^^^^^^^^^^^^
  File "C:\Users\Admin\Documents\GitHub\idk-wut\logic.py", line 166, in _calculate_keyword_overlap
    if not _df or 'normalized_symptoms_list' not in _df.columns:
  File "C:\Users\Admin\AppData\Local\Packages\PythonSoftwareFoundation.Python.3.11_qbz5n2kfra8p0\LocalCache\local-packages\Python311\site-packages\pandas\core\generic.py", line 1577, in __nonzero__
    raise ValueError(
ValueError: The truth value of a DataFrame is ambiguous. Use a.empty, a.bool(), a.item(), a.any() or a.all().
2025-08-05 21:19:28,968 - app - INFO - SymptomChecker initialized successfully.
2025-08-05 21:19:48,834 - app - INFO - SymptomChecker initialized successfully.
2025-08-05 21:20:31,329 - app - WARNING - 404 Error: Requested path '/favicon.ico' not found.
2025-08-05 21:20:42,357 - app - ERROR - Exception in POST handler for '/': The truth value of a DataFrame is ambiguous. Use a.empty, a.bool(), a.item(), a.any() or a.all().
Traceback (most recent call last):
  File "C:\Users\Admin\Documents\GitHub\idk-wut\app.py", line 106, in index
    disease, treatment, confidence = checker.diagnose(user_symptoms_input_raw)
                                     ^^^^^^^^^^^^^^^^^^^^^^^^^^^^^^^^^^^^^^^^^
  File "C:\Users\Admin\Documents\GitHub\idk-wut\logic.py", line 220, in diagnose
    keyword_scores = self._calculate_keyword_overlap(user_input)
                     ^^^^^^^^^^^^^^^^^^^^^^^^^^^^^^^^^^^^^^^^^^^
  File "C:\Users\Admin\Documents\GitHub\idk-wut\logic.py", line 166, in _calculate_keyword_overlap
    if _df is None or 'normalized_symptoms_list' not in _df.columns:
  File "C:\Users\Admin\AppData\Local\Packages\PythonSoftwareFoundation.Python.3.11_qbz5n2kfra8p0\LocalCache\local-packages\Python311\site-packages\pandas\core\generic.py", line 1577, in __nonzero__
    raise ValueError(
ValueError: The truth value of a DataFrame is ambiguous. Use a.empty, a.bool(), a.item(), a.any() or a.all().
2025-08-05 21:20:53,183 - app - ERROR - Exception in POST handler for '/': The truth value of a DataFrame is ambiguous. Use a.empty, a.bool(), a.item(), a.any() or a.all().
Traceback (most recent call last):
  File "C:\Users\Admin\Documents\GitHub\idk-wut\app.py", line 106, in index
    disease, treatment, confidence = checker.diagnose(user_symptoms_input_raw)
                                     ^^^^^^^^^^^^^^^^^^^^^^^^^^^^^^^^^^^^^^^^^
  File "C:\Users\Admin\Documents\GitHub\idk-wut\logic.py", line 220, in diagnose
    keyword_scores = self._calculate_keyword_overlap(user_input)
                     ^^^^^^^^^^^^^^^^^^^^^^^^^^^^^^^^^^^^^^^^^^^
  File "C:\Users\Admin\Documents\GitHub\idk-wut\logic.py", line 166, in _calculate_keyword_overlap
    if _df is None or 'normalized_symptoms_list' not in _df.columns:
  File "C:\Users\Admin\AppData\Local\Packages\PythonSoftwareFoundation.Python.3.11_qbz5n2kfra8p0\LocalCache\local-packages\Python311\site-packages\pandas\core\generic.py", line 1577, in __nonzero__
    raise ValueError(
ValueError: The truth value of a DataFrame is ambiguous. Use a.empty, a.bool(), a.item(), a.any() or a.all().
2025-08-05 21:23:10,807 - app - INFO - SymptomChecker initialized successfully.
2025-08-05 21:23:30,419 - app - INFO - SymptomChecker initialized successfully.
2025-08-05 21:24:06,599 - app - INFO - SymptomChecker initialized successfully.
2025-08-05 21:24:14,202 - app - WARNING - 404 Error: Requested path '/favicon.ico' not found.
2025-08-05 21:26:22,926 - app - WARNING - 404 Error: Requested path '/favicon.ico' not found.
2025-08-05 21:27:23,768 - app - WARNING - 404 Error: Requested path '/robots.txt' not found.
2025-08-05 21:27:59,709 - app - WARNING - 404 Error: Requested path '/favicon.ico' not found.
2025-08-05 21:28:15,889 - app - WARNING - 404 Error: Requested path '/favicon.ico' not found.
2025-08-05 21:33:29,916 - app - INFO - SymptomChecker initialized successfully.
2025-08-05 21:35:10,907 - app - WARNING - 404 Error: Requested path '/favicon.ico' not found.
2025-08-05 21:36:53,982 - app - INFO - Feedback received: Input='Tied and fevers, coughing', Predicted='Flu', Type='correct'
2025-08-05 21:38:27,044 - app - INFO - SymptomChecker initialized successfully.
2025-08-06 16:24:35,364 - app - INFO - SymptomChecker initialized successfully.
2025-08-06 16:24:52,870 - app - INFO - SymptomChecker initialized successfully.
2025-08-06 16:25:39,806 - app - INFO - SymptomChecker initialized successfully.
2025-08-06 16:25:52,572 - app - WARNING - 404 Error: Requested path '/favicon.ico' not found.
2025-08-06 16:26:09,359 - app - INFO - SymptomChecker initialized successfully.
